[1015/072418.040:ERROR:directory_reader_win.cc(43)] FindFirstFile: The system cannot find the path specified. (0x3)
[1015/143316.691:ERROR:directory_reader_win.cc(43)] FindFirstFile: The system cannot find the path specified. (0x3)
[1015/163732.944:ERROR:directory_reader_win.cc(43)] FindFirstFile: The system cannot find the path specified. (0x3)
[1015/163912.115:ERROR:process_memory_win.cc(73)] ReadMemory at 0x20d1aa003e0 of 72 bytes failed: Only part of a ReadProcessMemory or WriteProcessMemory request was completed. (0x12B)
[1015/163912.116:WARNING:pe_image_annotations_reader.cc(135)] could not read annotations list object in C:\Program Files (x86)\Google\Chrome\Application\86.0.4240.75\chrome_elf.dll
[1015/163912.116:ERROR:process_memory_win.cc(73)] ReadMemory at 0x20d1abc0000 of 64 bytes failed: Only part of a ReadProcessMemory or WriteProcessMemory request was completed. (0x12B)
[1015/163912.116:WARNING:pe_image_reader.cc(340)] could not read dos header from C:\WINDOWS\System32\msvcrt.dll
[1015/163912.119:ERROR:process_memory_win.cc(73)] ReadMemory at 0x20d1aa44140 of 72 bytes failed: Only part of a ReadProcessMemory or WriteProcessMemory request was completed. (0x12B)
[1015/163912.119:WARNING:pe_image_annotations_reader.cc(135)] could not read annotations list object in C:\Program Files (x86)\Google\Chrome\Application\86.0.4240.75\chrome.dll
[1015/163912.221:ERROR:process_memory_win.cc(73)] ReadMemory at 0x20d1aa003e0 of 72 bytes failed: Only part of a ReadProcessMemory or WriteProcessMemory request was completed. (0x12B)
[1015/163912.221:WARNING:pe_image_annotations_reader.cc(135)] could not read annotations list object in C:\Program Files (x86)\Google\Chrome\Application\86.0.4240.75\chrome_elf.dll
[1015/163912.222:ERROR:process_memory_win.cc(73)] ReadMemory at 0x20d1abc0000 of 64 bytes failed: Only part of a ReadProcessMemory or WriteProcessMemory request was completed. (0x12B)
[1015/163912.222:WARNING:pe_image_reader.cc(340)] could not read dos header from C:\WINDOWS\System32\msvcrt.dll
[1015/163912.222:ERROR:process_memory_win.cc(73)] ReadMemory at 0x20d1aa44140 of 72 bytes failed: Only part of a ReadProcessMemory or WriteProcessMemory request was completed. (0x12B)
[1015/163912.222:WARNING:pe_image_annotations_reader.cc(135)] could not read annotations list object in C:\Program Files (x86)\Google\Chrome\Application\86.0.4240.75\chrome.dll
[1015/163912.227:ERROR:process_memory_win.cc(73)] ReadMemory at 0x20d1aa003e0 of 72 bytes failed: Only part of a ReadProcessMemory or WriteProcessMemory request was completed. (0x12B)
[1015/163912.227:WARNING:pe_image_annotations_reader.cc(135)] could not read annotations list object in C:\Program Files (x86)\Google\Chrome\Application\86.0.4240.75\chrome_elf.dll
[1015/163912.228:ERROR:process_memory_win.cc(73)] ReadMemory at 0x20d1abc0000 of 64 bytes failed: Only part of a ReadProcessMemory or WriteProcessMemory request was completed. (0x12B)
[1015/163912.228:WARNING:pe_image_reader.cc(340)] could not read dos header from C:\WINDOWS\System32\msvcrt.dll
[1015/163912.228:ERROR:process_memory_win.cc(73)] ReadMemory at 0x20d1aa44140 of 72 bytes failed: Only part of a ReadProcessMemory or WriteProcessMemory request was completed. (0x12B)
[1015/163912.228:WARNING:pe_image_annotations_reader.cc(135)] could not read annotations list object in C:\Program Files (x86)\Google\Chrome\Application\86.0.4240.75\chrome.dll
[1015/163912.889:ERROR:process_memory_win.cc(73)] ReadMemory at 0x7445dc8000 of 229376 bytes failed: Only part of a ReadProcessMemory or WriteProcessMemory request was completed. (0x12B)
[1015/163912.938:ERROR:process_memory_win.cc(73)] ReadMemory at 0x74465fe000 of 8192 bytes failed: Only part of a ReadProcessMemory or WriteProcessMemory request was completed. (0x12B)
[1015/163912.938:ERROR:process_memory_win.cc(73)] ReadMemory at 0x7446dfd000 of 12288 bytes failed: Only part of a ReadProcessMemory or WriteProcessMemory request was completed. (0x12B)
[1015/163912.938:ERROR:process_memory_win.cc(73)] ReadMemory at 0x74475fe000 of 8192 bytes failed: Only part of a ReadProcessMemory or WriteProcessMemory request was completed. (0x12B)
[1015/163912.938:ERROR:process_memory_win.cc(73)] ReadMemory at 0x7447dfd000 of 12288 bytes failed: Only part of a ReadProcessMemory or WriteProcessMemory request was completed. (0x12B)
[1015/163912.942:ERROR:process_memory_win.cc(73)] ReadMemory at 0x7448dff000 of 4096 bytes failed: Only part of a ReadProcessMemory or WriteProcessMemory request was completed. (0x12B)
[1015/163912.942:ERROR:process_memory_win.cc(73)] ReadMemory at 0x74495fe000 of 8192 bytes failed: Only part of a ReadProcessMemory or WriteProcessMemory request was completed. (0x12B)
[1015/163912.942:ERROR:process_memory_win.cc(73)] ReadMemory at 0x7449dfd000 of 12288 bytes failed: Only part of a ReadProcessMemory or WriteProcessMemory request was completed. (0x12B)
[1015/163912.942:ERROR:process_memory_win.cc(73)] ReadMemory at 0x744adfe000 of 8192 bytes failed: Only part of a ReadProcessMemory or WriteProcessMemory request was completed. (0x12B)
[1015/163912.942:ERROR:process_memory_win.cc(73)] ReadMemory at 0x744b5fc000 of 16384 bytes failed: Only part of a ReadProcessMemory or WriteProcessMemory request was completed. (0x12B)
[1015/163912.942:ERROR:process_memory_win.cc(73)] ReadMemory at 0x744bdfc000 of 16384 bytes failed: Only part of a ReadProcessMemory or WriteProcessMemory request was completed. (0x12B)
[1015/163912.942:ERROR:process_memory_win.cc(73)] ReadMemory at 0x744c5fe000 of 8192 bytes failed: Only part of a ReadProcessMemory or WriteProcessMemory request was completed. (0x12B)
[1015/163912.942:ERROR:process_memory_win.cc(73)] ReadMemory at 0x74485ff000 of 4096 bytes failed: Only part of a ReadProcessMemory or WriteProcessMemory request was completed. (0x12B)
[1015/163913.029:ERROR:process_memory_win.cc(73)] ReadMemory at 0x744555b000 of 852 bytes failed: Only part of a ReadProcessMemory or WriteProcessMemory request was completed. (0x12B)
[1015/163913.031:ERROR:process_memory_win.cc(73)] ReadMemory at 0x744555c000 of 6024 bytes failed: Only part of a ReadProcessMemory or WriteProcessMemory request was completed. (0x12B)
[1015/163913.031:ERROR:process_memory_win.cc(73)] ReadMemory at 0x744555e000 of 6024 bytes failed: Only part of a ReadProcessMemory or WriteProcessMemory request was completed. (0x12B)
[1015/163913.031:ERROR:process_memory_win.cc(73)] ReadMemory at 0x7445560000 of 6024 bytes failed: Only part of a ReadProcessMemory or WriteProcessMemory request was completed. (0x12B)
[1015/163913.032:ERROR:process_memory_win.cc(73)] ReadMemory at 0x7445562000 of 6024 bytes failed: Only part of a ReadProcessMemory or WriteProcessMemory request was completed. (0x12B)
[1015/163913.032:ERROR:process_memory_win.cc(73)] ReadMemory at 0x7445564000 of 6024 bytes failed: Only part of a ReadProcessMemory or WriteProcessMemory request was completed. (0x12B)
[1015/163913.032:ERROR:process_memory_win.cc(73)] ReadMemory at 0x7445568000 of 6024 bytes failed: Only part of a ReadProcessMemory or WriteProcessMemory request was completed. (0x12B)
[1015/163913.032:ERROR:process_memory_win.cc(73)] ReadMemory at 0x744556a000 of 6024 bytes failed: Only part of a ReadProcessMemory or WriteProcessMemory request was completed. (0x12B)
[1015/163913.032:ERROR:process_memory_win.cc(73)] ReadMemory at 0x744556c000 of 6024 bytes failed: Only part of a ReadProcessMemory or WriteProcessMemory request was completed. (0x12B)
[1015/163913.032:ERROR:process_memory_win.cc(73)] ReadMemory at 0x7445570000 of 6024 bytes failed: Only part of a ReadProcessMemory or WriteProcessMemory request was completed. (0x12B)
[1015/163913.032:ERROR:process_memory_win.cc(73)] ReadMemory at 0x7445572000 of 6024 bytes failed: Only part of a ReadProcessMemory or WriteProcessMemory request was completed. (0x12B)
[1015/163913.032:ERROR:process_memory_win.cc(73)] ReadMemory at 0x7445574000 of 6024 bytes failed: Only part of a ReadProcessMemory or WriteProcessMemory request was completed. (0x12B)
[1015/163913.032:ERROR:process_memory_win.cc(73)] ReadMemory at 0x7445576000 of 6024 bytes failed: Only part of a ReadProcessMemory or WriteProcessMemory request was completed. (0x12B)
[1015/163913.032:ERROR:process_memory_win.cc(73)] ReadMemory at 0x744557a000 of 6024 bytes failed: Only part of a ReadProcessMemory or WriteProcessMemory request was completed. (0x12B)
[1015/163913.032:ERROR:process_memory_win.cc(73)] ReadMemory at 0x20d1a9f0fe0 of 17788 bytes failed: Only part of a ReadProcessMemory or WriteProcessMemory request was completed. (0x12B)
[1015/163913.032:ERROR:process_memory_win.cc(73)] ReadMemory at 0x20d1a9f5570 of 1012 bytes failed: Only part of a ReadProcessMemory or WriteProcessMemory request was completed. (0x12B)
[1015/163913.032:ERROR:process_memory_win.cc(73)] ReadMemory at 0x20d1a9f5bb8 of 118 bytes failed: Only part of a ReadProcessMemory or WriteProcessMemory request was completed. (0x12B)
[1015/163913.242:ERROR:process_memory_win.cc(73)] ReadMemory at 0x20d1a9f5c30 of 708 bytes failed: Only part of a ReadProcessMemory or WriteProcessMemory request was completed. (0x12B)
[1015/163913.242:ERROR:process_memory_win.cc(73)] ReadMemory at 0x20d1a9f5ef6 of 118 bytes failed: Only part of a ReadProcessMemory or WriteProcessMemory request was completed. (0x12B)
[1015/163913.242:ERROR:process_memory_win.cc(73)] ReadMemory at 0x20d1a9f5f6e of 98 bytes failed: Only part of a ReadProcessMemory or WriteProcessMemory request was completed. (0x12B)
[1015/163913.242:ERROR:process_memory_win.cc(73)] ReadMemory at 0x20d1a9f5fe0 of 58 bytes failed: Only part of a ReadProcessMemory or WriteProcessMemory request was completed. (0x12B)
[1015/163913.242:ERROR:process_memory_win.cc(73)] ReadMemory at 0x20d1a9f60e0 of 132 bytes failed: Only part of a ReadProcessMemory or WriteProcessMemory request was completed. (0x12B)
[1015/163913.242:ERROR:process_memory_win.cc(73)] ReadMemory at 0x20d1a9f6270 of 132 bytes failed: Only part of a ReadProcessMemory or WriteProcessMemory request was completed. (0x12B)
[1015/163913.242:ERROR:process_memory_win.cc(73)] ReadMemory at 0x20d1a9f6430 of 124 bytes failed: Only part of a ReadProcessMemory or WriteProcessMemory request was completed. (0x12B)
[1015/163913.242:ERROR:process_memory_win.cc(73)] ReadMemory at 0x20d1a9f6930 of 132 bytes failed: Only part of a ReadProcessMemory or WriteProcessMemory request was completed. (0x12B)
[1015/163913.246:ERROR:process_memory_win.cc(73)] ReadMemory at 0x20d1a9f6ac0 of 64 bytes failed: Only part of a ReadProcessMemory or WriteProcessMemory request was completed. (0x12B)
[1015/163913.246:ERROR:process_memory_win.cc(73)] ReadMemory at 0x20d1a9f6c80 of 132 bytes failed: Only part of a ReadProcessMemory or WriteProcessMemory request was completed. (0x12B)
[1015/163913.246:ERROR:process_memory_win.cc(73)] ReadMemory at 0x20d1a9f6f20 of 132 bytes failed: Only part of a ReadProcessMemory or WriteProcessMemory request was completed. (0x12B)
[1015/163913.246:ERROR:process_memory_win.cc(73)] ReadMemory at 0x20d1a9f70b0 of 68 bytes failed: Only part of a ReadProcessMemory or WriteProcessMemory request was completed. (0x12B)
[1015/163913.246:ERROR:process_memory_win.cc(73)] ReadMemory at 0x20d1a9f8160 of 132 bytes failed: Only part of a ReadProcessMemory or WriteProcessMemory request was completed. (0x12B)
[1015/163913.589:ERROR:process_memory_win.cc(73)] ReadMemory at 0x20d1a9f82f0 of 152 bytes failed: Only part of a ReadProcessMemory or WriteProcessMemory request was completed. (0x12B)
[1015/163913.589:ERROR:process_memory_win.cc(73)] ReadMemory at 0x20d1a9f8ff0 of 62 bytes failed: Only part of a ReadProcessMemory or WriteProcessMemory request was completed. (0x12B)
[1015/163913.589:ERROR:process_memory_win.cc(73)] ReadMemory at 0x20d1a9f9150 of 132 bytes failed: Only part of a ReadProcessMemory or WriteProcessMemory request was completed. (0x12B)
[1015/163913.759:ERROR:process_memory_win.cc(73)] ReadMemory at 0x20d1a9f92e0 of 60 bytes failed: Only part of a ReadProcessMemory or WriteProcessMemory request was completed. (0x12B)
[1015/163913.763:ERROR:process_memory_win.cc(73)] ReadMemory at 0x20d1aa0d1e0 of 80 bytes failed: Only part of a ReadProcessMemory or WriteProcessMemory request was completed. (0x12B)
[1015/163913.763:ERROR:process_memory_win.cc(73)] ReadMemory at 0x20d1aa0d5c0 of 132 bytes failed: Only part of a ReadProcessMemory or WriteProcessMemory request was completed. (0x12B)
[1015/163913.763:ERROR:process_memory_win.cc(73)] ReadMemory at 0x20d1aa0dc00 of 132 bytes failed: Only part of a ReadProcessMemory or WriteProcessMemory request was completed. (0x12B)
[1015/163913.763:ERROR:process_memory_win.cc(73)] ReadMemory at 0x20d1aa0ded0 of 132 bytes failed: Only part of a ReadProcessMemory or WriteProcessMemory request was completed. (0x12B)
[1015/163913.763:ERROR:process_memory_win.cc(73)] ReadMemory at 0x20d1aa0e820 of 80 bytes failed: Only part of a ReadProcessMemory or WriteProcessMemory request was completed. (0x12B)
[1015/163913.763:ERROR:process_memory_win.cc(73)] ReadMemory at 0x20d1aa0e940 of 76 bytes failed: Only part of a ReadProcessMemory or WriteProcessMemory request was completed. (0x12B)
[1015/163913.763:ERROR:process_memory_win.cc(73)] ReadMemory at 0x20d1aa10b10 of 64 bytes failed: Only part of a ReadProcessMemory or WriteProcessMemory request was completed. (0x12B)
[1015/163913.767:ERROR:process_memory_win.cc(73)] ReadMemory at 0x20d1aa10de0 of 60 bytes failed: Only part of a ReadProcessMemory or WriteProcessMemory request was completed. (0x12B)
[1015/163913.767:ERROR:process_memory_win.cc(73)] ReadMemory at 0x20d1aa10e80 of 62 bytes failed: Only part of a ReadProcessMemory or WriteProcessMemory request was completed. (0x12B)
[1015/163913.767:ERROR:process_memory_win.cc(73)] ReadMemory at 0x20d1aa10ed0 of 64 bytes failed: Only part of a ReadProcessMemory or WriteProcessMemory request was completed. (0x12B)
[1015/163913.767:ERROR:process_memory_win.cc(73)] ReadMemory at 0x20d1aa10fc0 of 60 bytes failed: Only part of a ReadProcessMemory or WriteProcessMemory request was completed. (0x12B)
[1015/163913.767:ERROR:process_memory_win.cc(73)] ReadMemory at 0x20d1aa11330 of 64 bytes failed: Only part of a ReadProcessMemory or WriteProcessMemory request was completed. (0x12B)
[1015/163913.767:ERROR:process_memory_win.cc(73)] ReadMemory at 0x20d1aa11420 of 62 bytes failed: Only part of a ReadProcessMemory or WriteProcessMemory request was completed. (0x12B)
[1015/163913.767:ERROR:process_memory_win.cc(73)] ReadMemory at 0x20d1aa11790 of 60 bytes failed: Only part of a ReadProcessMemory or WriteProcessMemory request was completed. (0x12B)
[1015/163913.767:ERROR:process_memory_win.cc(73)] ReadMemory at 0x20d1aa117e0 of 66 bytes failed: Only part of a ReadProcessMemory or WriteProcessMemory request was completed. (0x12B)
[1015/163913.771:ERROR:process_memory_win.cc(73)] ReadMemory at 0x20d1aa11970 of 64 bytes failed: Only part of a ReadProcessMemory or WriteProcessMemory request was completed. (0x12B)
[1015/163913.771:ERROR:process_memory_win.cc(73)] ReadMemory at 0x20d1aa129e0 of 132 bytes failed: Only part of a ReadProcessMemory or WriteProcessMemory request was completed. (0x12B)
[1015/163913.772:ERROR:process_memory_win.cc(73)] ReadMemory at 0x20d1aa14e00 of 132 bytes failed: Only part of a ReadProcessMemory or WriteProcessMemory request was completed. (0x12B)
[1015/163913.773:ERROR:process_memory_win.cc(73)] ReadMemory at 0x20d1aa14f30 of 132 bytes failed: Only part of a ReadProcessMemory or WriteProcessMemory request was completed. (0x12B)
[1015/163913.773:ERROR:process_memory_win.cc(73)] ReadMemory at 0x20d1aa15280 of 132 bytes failed: Only part of a ReadProcessMemory or WriteProcessMemory request was completed. (0x12B)
[1015/163913.774:ERROR:process_memory_win.cc(73)] ReadMemory at 0x20d1aa153b0 of 144 bytes failed: Only part of a ReadProcessMemory or WriteProcessMemory request was completed. (0x12B)
[1015/163913.774:ERROR:process_memory_win.cc(73)] ReadMemory at 0x20d1aa16480 of 54 bytes failed: Only part of a ReadProcessMemory or WriteProcessMemory request was completed. (0x12B)
[1015/163913.774:ERROR:process_memory_win.cc(73)] ReadMemory at 0x20d1aa16910 of 132 bytes failed: Only part of a ReadProcessMemory or WriteProcessMemory request was completed. (0x12B)
[1015/163913.774:ERROR:process_memory_win.cc(73)] ReadMemory at 0x20d1aa17e60 of 132 bytes failed: Only part of a ReadProcessMemory or WriteProcessMemory request was completed. (0x12B)
[1015/163913.786:ERROR:process_memory_win.cc(73)] ReadMemory at 0x20d1aa17f90 of 132 bytes failed: Only part of a ReadProcessMemory or WriteProcessMemory request was completed. (0x12B)
[1015/163913.786:ERROR:process_memory_win.cc(73)] ReadMemory at 0x20d1aa180c0 of 132 bytes failed: Only part of a ReadProcessMemory or WriteProcessMemory request was completed. (0x12B)
[1015/163913.786:ERROR:process_memory_win.cc(73)] ReadMemory at 0x20d1aa181f0 of 132 bytes failed: Only part of a ReadProcessMemory or WriteProcessMemory request was completed. (0x12B)
[1015/163913.786:ERROR:process_memory_win.cc(73)] ReadMemory at 0x20d1aa18320 of 132 bytes failed: Only part of a ReadProcessMemory or WriteProcessMemory request was completed. (0x12B)
[1015/163913.786:ERROR:process_memory_win.cc(73)] ReadMemory at 0x20d1aa18450 of 132 bytes failed: Only part of a ReadProcessMemory or WriteProcessMemory request was completed. (0x12B)
[1015/163913.786:ERROR:process_memory_win.cc(73)] ReadMemory at 0x20d1aa18580 of 132 bytes failed: Only part of a ReadProcessMemory or WriteProcessMemory request was completed. (0x12B)
[1015/163913.786:ERROR:process_memory_win.cc(73)] ReadMemory at 0x20d1aa186b0 of 132 bytes failed: Only part of a ReadProcessMemory or WriteProcessMemory request was completed. (0x12B)
[1015/163913.790:ERROR:process_memory_win.cc(73)] ReadMemory at 0x20d1aa18910 of 132 bytes failed: Only part of a ReadProcessMemory or WriteProcessMemory request was completed. (0x12B)
[1015/163913.790:ERROR:process_memory_win.cc(73)] ReadMemory at 0x20d1aa18a40 of 132 bytes failed: Only part of a ReadProcessMemory or WriteProcessMemory request was completed. (0x12B)
[1015/163913.790:ERROR:process_memory_win.cc(73)] ReadMemory at 0x20d1aa18b70 of 132 bytes failed: Only part of a ReadProcessMemory or WriteProcessMemory request was completed. (0x12B)
[1015/163913.790:ERROR:process_memory_win.cc(73)] ReadMemory at 0x20d1aa18ca0 of 132 bytes failed: Only part of a ReadProcessMemory or WriteProcessMemory request was completed. (0x12B)
[1015/163913.790:ERROR:process_memory_win.cc(73)] ReadMemory at 0x20d1aa1ebb0 of 132 bytes failed: Only part of a ReadProcessMemory or WriteProcessMemory request was completed. (0x12B)
[1015/163913.790:ERROR:process_memory_win.cc(73)] ReadMemory at 0x20d1aa1edd0 of 132 bytes failed: Only part of a ReadProcessMemory or WriteProcessMemory request was completed. (0x12B)
[1015/163913.790:ERROR:process_memory_win.cc(73)] ReadMemory at 0x20d1aa1f110 of 62 bytes failed: Only part of a ReadProcessMemory or WriteProcessMemory request was completed. (0x12B)
[1015/163913.790:ERROR:process_memory_win.cc(73)] ReadMemory at 0x20d1aa1f200 of 62 bytes failed: Only part of a ReadProcessMemory or WriteProcessMemory request was completed. (0x12B)
[1015/163913.801:ERROR:process_memory_win.cc(73)] ReadMemory at 0x20d1aa1f340 of 62 bytes failed: Only part of a ReadProcessMemory or WriteProcessMemory request was completed. (0x12B)
[1015/163913.801:ERROR:process_memory_win.cc(73)] ReadMemory at 0x20d1aa1f570 of 60 bytes failed: Only part of a ReadProcessMemory or WriteProcessMemory request was completed. (0x12B)
[1015/163913.801:ERROR:process_memory_win.cc(73)] ReadMemory at 0x20d1aa1f5c0 of 60 bytes failed: Only part of a ReadProcessMemory or WriteProcessMemory request was completed. (0x12B)
[1015/163913.801:ERROR:process_memory_win.cc(73)] ReadMemory at 0x20d1aa1f660 of 64 bytes failed: Only part of a ReadProcessMemory or WriteProcessMemory request was completed. (0x12B)
[1015/163913.801:ERROR:process_memory_win.cc(73)] ReadMemory at 0x20d1aa1f6b0 of 58 bytes failed: Only part of a ReadProcessMemory or WriteProcessMemory request was completed. (0x12B)
[1015/163913.801:ERROR:process_memory_win.cc(73)] ReadMemory at 0x20d1aa1f700 of 62 bytes failed: Only part of a ReadProcessMemory or WriteProcessMemory request was completed. (0x12B)
[1015/163913.801:ERROR:process_memory_win.cc(73)] ReadMemory at 0x20d1aa1f750 of 64 bytes failed: Only part of a ReadProcessMemory or WriteProcessMemory request was completed. (0x12B)
[1015/163913.801:ERROR:process_memory_win.cc(73)] ReadMemory at 0x20d1aa1f7a0 of 60 bytes failed: Only part of a ReadProcessMemory or WriteProcessMemory request was completed. (0x12B)
[1015/163913.801:ERROR:process_memory_win.cc(73)] ReadMemory at 0x20d1aa1f840 of 64 bytes failed: Only part of a ReadProcessMemory or WriteProcessMemory request was completed. (0x12B)
[1015/163913.801:ERROR:process_memory_win.cc(73)] ReadMemory at 0x20d1aa1f930 of 64 bytes failed: Only part of a ReadProcessMemory or WriteProcessMemory request was completed. (0x12B)
[1015/163913.801:ERROR:process_memory_win.cc(73)] ReadMemory at 0x20d1aa1fa20 of 62 bytes failed: Only part of a ReadProcessMemory or WriteProcessMemory request was completed. (0x12B)
[1015/163913.801:ERROR:process_memory_win.cc(73)] ReadMemory at 0x20d1aa1fa70 of 62 bytes failed: Only part of a ReadProcessMemory or WriteProcessMemory request was completed. (0x12B)
[1015/163913.801:ERROR:process_memory_win.cc(73)] ReadMemory at 0x20d1aa1fe80 of 62 bytes failed: Only part of a ReadProcessMemory or WriteProcessMemory request was completed. (0x12B)
[1015/163913.805:ERROR:process_memory_win.cc(73)] ReadMemory at 0x20d1aa1fed0 of 62 bytes failed: Only part of a ReadProcessMemory or WriteProcessMemory request was completed. (0x12B)
[1015/163913.805:ERROR:process_memory_win.cc(73)] ReadMemory at 0x20d1aa1ff20 of 66 bytes failed: Only part of a ReadProcessMemory or WriteProcessMemory request was completed. (0x12B)
[1015/163913.977:ERROR:process_memory_win.cc(73)] ReadMemory at 0x20d1aa20030 of 132 bytes failed: Only part of a ReadProcessMemory or WriteProcessMemory request was completed. (0x12B)
[1015/163913.977:ERROR:process_memory_win.cc(73)] ReadMemory at 0x20d1aa20620 of 132 bytes failed: Only part of a ReadProcessMemory or WriteProcessMemory request was completed. (0x12B)
[1015/163913.977:ERROR:process_memory_win.cc(73)] ReadMemory at 0x20d1aa20750 of 132 bytes failed: Only part of a ReadProcessMemory or WriteProcessMemory request was completed. (0x12B)
[1015/163913.977:ERROR:process_memory_win.cc(73)] ReadMemory at 0x20d1aa20880 of 132 bytes failed: Only part of a ReadProcessMemory or WriteProcessMemory request was completed. (0x12B)
[1015/163913.977:ERROR:process_memory_win.cc(73)] ReadMemory at 0x20d1aa20ae0 of 132 bytes failed: Only part of a ReadProcessMemory or WriteProcessMemory request was completed. (0x12B)
[1015/163913.977:ERROR:process_memory_win.cc(73)] ReadMemory at 0x20d1aa20e70 of 132 bytes failed: Only part of a ReadProcessMemory or WriteProcessMemory request was completed. (0x12B)
[1015/163913.977:ERROR:process_memory_win.cc(73)] ReadMemory at 0x20d1aa210d0 of 132 bytes failed: Only part of a ReadProcessMemory or WriteProcessMemory request was completed. (0x12B)
[1015/163913.981:ERROR:process_memory_win.cc(73)] ReadMemory at 0x20d1aa21200 of 132 bytes failed: Only part of a ReadProcessMemory or WriteProcessMemory request was completed. (0x12B)
[1015/163913.981:ERROR:process_memory_win.cc(73)] ReadMemory at 0x20d1aa21920 of 132 bytes failed: Only part of a ReadProcessMemory or WriteProcessMemory request was completed. (0x12B)
[1015/163913.981:ERROR:process_memory_win.cc(73)] ReadMemory at 0x20d1aa21de0 of 132 bytes failed: Only part of a ReadProcessMemory or WriteProcessMemory request was completed. (0x12B)
[1015/163913.981:ERROR:process_memory_win.cc(73)] ReadMemory at 0x20d1aa6bd50 of 512 bytes failed: Only part of a ReadProcessMemory or WriteProcessMemory request was completed. (0x12B)
[1015/163914.388:ERROR:process_memory_win.cc(73)] ReadMemory at 0x20d1aa7bd20 of 560 bytes failed: Only part of a ReadProcessMemory or WriteProcessMemory request was completed. (0x12B)
[1015/163914.662:ERROR:process_memory_win.cc(73)] ReadMemory at 0x20d1aa7c0d0 of 512 bytes failed: Only part of a ReadProcessMemory or WriteProcessMemory request was completed. (0x12B)
[1015/163914.664:ERROR:process_memory_win.cc(73)] ReadMemory at 0x20d1aa84b90 of 512 bytes failed: Only part of a ReadProcessMemory or WriteProcessMemory request was completed. (0x12B)
[1015/163914.664:ERROR:process_memory_win.cc(73)] ReadMemory at 0x20d1aa8e4a0 of 512 bytes failed: Only part of a ReadProcessMemory or WriteProcessMemory request was completed. (0x12B)
[1015/163914.664:ERROR:process_memory_win.cc(73)] ReadMemory at 0x20d1aa8f8e0 of 512 bytes failed: Only part of a ReadProcessMemory or WriteProcessMemory request was completed. (0x12B)
[1015/163914.665:ERROR:process_memory_win.cc(73)] ReadMemory at 0x20d1aa91008 of 512 bytes failed: Only part of a ReadProcessMemory or WriteProcessMemory request was completed. (0x12B)
[1015/163914.665:ERROR:process_memory_win.cc(73)] ReadMemory at 0x20d1aa92e68 of 512 bytes failed: Only part of a ReadProcessMemory or WriteProcessMemory request was completed. (0x12B)
[1015/163914.665:ERROR:process_memory_win.cc(73)] ReadMemory at 0x20d1aaad320 of 512 bytes failed: Only part of a ReadProcessMemory or WriteProcessMemory request was completed. (0x12B)
[1015/163914.665:ERROR:process_memory_win.cc(73)] ReadMemory at 0x20d1aac1bb0 of 712 bytes failed: Only part of a ReadProcessMemory or WriteProcessMemory request was completed. (0x12B)
[1015/163914.665:ERROR:process_memory_win.cc(73)] ReadMemory at 0x20d1aae0df0 of 512 bytes failed: Only part of a ReadProcessMemory or WriteProcessMemory request was completed. (0x12B)
[1015/163914.665:ERROR:process_memory_win.cc(73)] ReadMemory at 0x20d1aae4b40 of 512 bytes failed: Only part of a ReadProcessMemory or WriteProcessMemory request was completed. (0x12B)
[1015/163914.665:ERROR:process_memory_win.cc(73)] ReadMemory at 0x20d1aca0d00 of 512 bytes failed: Only part of a ReadProcessMemory or WriteProcessMemory request was completed. (0x12B)
[1015/163914.665:ERROR:process_memory_win.cc(73)] ReadMemory at 0x20d1c50cf58 of 512 bytes failed: Only part of a ReadProcessMemory or WriteProcessMemory request was completed. (0x12B)
[1015/163914.665:ERROR:process_memory_win.cc(73)] ReadMemory at 0x20d1c5c3f86 of 988 bytes failed: Only part of a ReadProcessMemory or WriteProcessMemory request was completed. (0x12B)
[1015/163914.665:ERROR:process_memory_win.cc(73)] ReadMemory at 0x20d1c635980 of 512 bytes failed: Only part of a ReadProcessMemory or WriteProcessMemory request was completed. (0x12B)
[1015/163914.665:ERROR:process_memory_win.cc(73)] ReadMemory at 0x20d1c6a4680 of 512 bytes failed: Only part of a ReadProcessMemory or WriteProcessMemory request was completed. (0x12B)
[1015/163914.685:ERROR:process_memory_win.cc(73)] ReadMemory at 0x20d1c6a5d90 of 512 bytes failed: Only part of a ReadProcessMemory or WriteProcessMemory request was completed. (0x12B)
[1015/163914.689:ERROR:process_memory_win.cc(73)] ReadMemory at 0x20d1c6d99a0 of 512 bytes failed: Only part of a ReadProcessMemory or WriteProcessMemory request was completed. (0x12B)
[1015/163914.689:ERROR:process_memory_win.cc(73)] ReadMemory at 0x20d1c8bc670 of 512 bytes failed: Only part of a ReadProcessMemory or WriteProcessMemory request was completed. (0x12B)
[1015/163914.689:ERROR:process_memory_win.cc(73)] ReadMemory at 0x20d1dbabec0 of 512 bytes failed: Only part of a ReadProcessMemory or WriteProcessMemory request was completed. (0x12B)
[1015/163914.689:ERROR:process_memory_win.cc(73)] ReadMemory at 0x7ffb63284909 of 512 bytes failed: Only part of a ReadProcessMemory or WriteProcessMemory request was completed. (0x12B)
[1015/163914.689:ERROR:process_memory_win.cc(73)] ReadMemory at 0x7ffb654a77b0 of 512 bytes failed: Only part of a ReadProcessMemory or WriteProcessMemory request was completed. (0x12B)
[1015/163914.689:ERROR:process_memory_win.cc(73)] ReadMemory at 0x7ffb81cb5810 of 512 bytes failed: Only part of a ReadProcessMemory or WriteProcessMemory request was completed. (0x12B)
[1015/163914.689:ERROR:process_memory_win.cc(73)] ReadMemory at 0x7ffb81cb5ed7 of 512 bytes failed: Only part of a ReadProcessMemory or WriteProcessMemory request was completed. (0x12B)
[1015/163914.689:ERROR:process_memory_win.cc(73)] ReadMemory at 0x7ffba7331f80 of 512 bytes failed: Only part of a ReadProcessMemory or WriteProcessMemory request was completed. (0x12B)
[1015/163914.801:ERROR:process_memory_win.cc(73)] ReadMemory at 0x7ffba8c3c074 of 672 bytes failed: Only part of a ReadProcessMemory or WriteProcessMemory request was completed. (0x12B)
[1015/163914.801:ERROR:process_memory_win.cc(73)] ReadMemory at 0x7ffba8c3f924 of 608 bytes failed: Only part of a ReadProcessMemory or WriteProcessMemory request was completed. (0x12B)
[1015/163914.801:ERROR:process_memory_win.cc(73)] ReadMemory at 0x7ffba8ccc428 of 18 bytes failed: Only part of a ReadProcessMemory or WriteProcessMemory request was completed. (0x12B)
[1015/163914.801:ERROR:process_memory_win.cc(73)] ReadMemory at 0x7ffba8cff4f8 of 40 bytes failed: Only part of a ReadProcessMemory or WriteProcessMemory request was completed. (0x12B)
[1015/163914.801:ERROR:process_memory_win.cc(73)] ReadMemory at 0x7ffba8cff978 of 48 bytes failed: Only part of a ReadProcessMemory or WriteProcessMemory request was completed. (0x12B)
[1015/163914.801:ERROR:process_memory_win.cc(73)] ReadMemory at 0x7ffba8d053c0 of 64 bytes failed: Only part of a ReadProcessMemory or WriteProcessMemory request was completed. (0x12B)
[1015/163914.820:ERROR:scoped_process_suspend.cc(40)] NtResumeProcess: An attempt was made to access an exiting process. (0xc000010a)
[1018/150939.093:ERROR:directory_reader_win.cc(43)] FindFirstFile: The system cannot find the path specified. (0x3)
